<?xml version="1.0" encoding="UTF-8"?>
<!-- Generated by org.testng.reporters.JUnitReportReporter -->
<testsuite hostname="P204M28" failures="0" tests="4" name="Bookings.BookFlight" time="0.007" errors="0" timestamp="08 Apr 2024 09:45:08 GMT" skipped="0">
  <testcase classname="Bookings.BookFlight" name="BookFlight_OneWay_TestCase4" time="0.001"/>
  <testcase classname="Bookings.BookFlight" name="BookFlight_RoundTrip_TestCase1" time="0.001"/>
  <testcase classname="Bookings.BookFlight" name="BookFlight_RoundTrip_TestCase2" time="0.000"/>
  <testcase classname="Bookings.BookFlight" name="BookFlight_OneWay_TestCase3" time="0.005"/>
</testsuite> <!-- Bookings.BookFlight -->
