<?xml version="1.0" encoding="UTF-8"?>
<!-- Generated by org.testng.reporters.JUnitReportReporter -->
<testsuite hostname="P204M28" failures="0" tests="3" name="Bookings.BookHotel" time="0.002" errors="0" timestamp="08 Apr 2024 10:05:40 GMT" skipped="0">
  <testcase classname="Bookings.BookHotel" name="BookHotel_DestinationCity" time="0.001"/>
  <testcase classname="Bookings.BookHotel" name="BookHotel_Checkout" time="0.001"/>
  <testcase classname="Bookings.BookHotel" name="BookHotel_Checkin" time="0.000"/>
</testsuite> <!-- Bookings.BookHotel -->
