<?xml version="1.0" encoding="UTF-8"?>
<!-- Generated by org.testng.reporters.JUnitReportReporter -->
<testsuite hostname="P204M28" failures="0" tests="3" name="Bookings.BookHolidayPackage" time="0.006" errors="0" timestamp="08 Apr 2024 10:05:40 GMT" skipped="0">
  <testcase classname="Bookings.BookHolidayPackage" name="HolidayPackage_departure" time="0.006"/>
  <testcase classname="Bookings.BookHolidayPackage" name="HolidayPackage_destination" time="0.000"/>
  <testcase classname="Bookings.BookHolidayPackage" name="HolidayPackage_return" time="0.000"/>
</testsuite> <!-- Bookings.BookHolidayPackage -->
