<?xml version="1.0" encoding="UTF-8"?>
<!-- Generated by org.testng.reporters.JUnitReportReporter -->
<testsuite hostname="DuongBaoPC" failures="0" tests="1" name="New.DDTExcel" time="0.000" errors="0" timestamp="22 Apr 2024 05:39:14 GMT" skipped="1">
  <testcase classname="New.DDTExcel" name="DemoProject" time="0.000">
    <skipped/>
  </testcase> <!-- DemoProject -->
</testsuite> <!-- New.DDTExcel -->
